0 info it worked if it ends with ok
1 verbose cli [ '/usr/local/bin/node',
1 verbose cli   '/usr/local/bin/npm',
1 verbose cli   'run',
1 verbose cli   'upload',
1 verbose cli   '添加.gitignore' ]
2 info using npm@3.10.8
3 info using node@v6.8.1
4 verbose run-script [ 'preupload', 'upload', 'postupload' ]
5 info lifecycle pandahaoone@1.0.2~preupload: pandahaoone@1.0.2
6 silly lifecycle pandahaoone@1.0.2~preupload: no script for preupload, continuing
7 info lifecycle pandahaoone@1.0.2~upload: pandahaoone@1.0.2
8 verbose lifecycle pandahaoone@1.0.2~upload: unsafe-perm in lifecycle true
9 verbose lifecycle pandahaoone@1.0.2~upload: PATH: /usr/local/lib/node_modules/npm/bin/node-gyp-bin:/Users/haoying/Documents/work/csx/teststudy/uploadNpmPackage/node_modules/.bin:/usr/local/bin:/usr/bin:/bin:/usr/sbin:/sbin
10 verbose lifecycle pandahaoone@1.0.2~upload: CWD: /Users/haoying/Documents/work/csx/teststudy/uploadNpmPackage
11 silly lifecycle pandahaoone@1.0.2~upload: Args: [ '-c',
11 silly lifecycle   'git pull && git commit -am && git push "添加.gitignore"' ]
12 silly lifecycle pandahaoone@1.0.2~upload: Returned: code: 129  signal: null
13 info lifecycle pandahaoone@1.0.2~upload: Failed to exec upload script
14 verbose stack Error: pandahaoone@1.0.2 upload: `git pull && git commit -am && git push "添加.gitignore"`
14 verbose stack Exit status 129
14 verbose stack     at EventEmitter.<anonymous> (/usr/local/lib/node_modules/npm/lib/utils/lifecycle.js:255:16)
14 verbose stack     at emitTwo (events.js:106:13)
14 verbose stack     at EventEmitter.emit (events.js:191:7)
14 verbose stack     at ChildProcess.<anonymous> (/usr/local/lib/node_modules/npm/lib/utils/spawn.js:40:14)
14 verbose stack     at emitTwo (events.js:106:13)
14 verbose stack     at ChildProcess.emit (events.js:191:7)
14 verbose stack     at maybeClose (internal/child_process.js:877:16)
14 verbose stack     at Process.ChildProcess._handle.onexit (internal/child_process.js:226:5)
15 verbose pkgid pandahaoone@1.0.2
16 verbose cwd /Users/haoying/Documents/work/csx/teststudy/uploadNpmPackage
17 error Darwin 18.7.0
18 error argv "/usr/local/bin/node" "/usr/local/bin/npm" "run" "upload" "添加.gitignore"
19 error node v6.8.1
20 error npm  v3.10.8
21 error code ELIFECYCLE
22 error pandahaoone@1.0.2 upload: `git pull && git commit -am && git push "添加.gitignore"`
22 error Exit status 129
23 error Failed at the pandahaoone@1.0.2 upload script 'git pull && git commit -am && git push "添加.gitignore"'.
23 error Make sure you have the latest version of node.js and npm installed.
23 error If you do, this is most likely a problem with the pandahaoone package,
23 error not with npm itself.
23 error Tell the author that this fails on your system:
23 error     git pull && git commit -am && git push "添加.gitignore"
23 error You can get information on how to open an issue for this project with:
23 error     npm bugs pandahaoone
23 error Or if that isn't available, you can get their info via:
23 error     npm owner ls pandahaoone
23 error There is likely additional logging output above.
24 verbose exit [ 1, true ]
